{"timestamp": "2026-05-28T16:12:58.054", "level": "INFO", "source": "session_progress", "message": "DRY RUN - Would write session file:"}
{"timestamp": "2026-05-28T16:12:58.054", "level": "INFO", "source": "session_progress", "message": "DRY RUN - Would update HANDOFF.md"}
{"timestamp": "2026-05-28T16:12:58.055", "level": "INFO", "source": "session_progress", "message": "Session 67 documented"}
{"timestamp": "2026-05-28T16:12:58.055", "level": "INFO", "source": "session_progress", "message": "Files changed: 115"}
{"timestamp": "2026-05-28T16:12:58.055", "level": "INFO", "source": "session_progress", "message": "Accomplishments: 3"}
{"timestamp": "2026-05-28T22:48:20.913", "level": "INFO", "source": "session_progress", "message": "HANDOFF.md shows Session 67"}
{"timestamp": "2026-05-28T22:48:20.919", "level": "INFO", "source": "session_progress", "message": "Suggested session number: 68"}
{"timestamp": "2026-05-28T22:48:21.007", "level": "INFO", "source": "session_progress", "message": "Found 121 changed files"}
{"timestamp": "2026-05-28T22:48:21.007", "level": "INFO", "source": "session_progress", "message": "  chapters: 39"}
{"timestamp": "2026-05-28T22:48:21.007", "level": "INFO", "source": "session_progress", "message": "  data: 6"}
{"timestamp": "2026-05-28T22:48:21.007", "level": "INFO", "source": "session_progress", "message": "  context: 2"}
{"timestamp": "2026-05-28T22:48:21.011", "level": "INFO", "source": "session_progress", "message": "  tools: 1"}
{"timestamp": "2026-05-28T22:48:21.011", "level": "INFO", "source": "session_progress", "message": "  other: 5"}
{"timestamp": "2026-05-28T22:48:21.035", "level": "INFO", "source": "session_progress", "message": "DRY RUN - Would write session file:"}
{"timestamp": "2026-05-28T22:48:21.035", "level": "INFO", "source": "session_progress", "message": "DRY RUN - Would update HANDOFF.md"}
{"timestamp": "2026-05-28T22:48:21.036", "level": "INFO", "source": "session_progress", "message": "Session 68 documented"}
{"timestamp": "2026-05-28T22:48:21.036", "level": "INFO", "source": "session_progress", "message": "Files changed: 121"}
{"timestamp": "2026-05-28T22:48:21.036", "level": "INFO", "source": "session_progress", "message": "Accomplishments: 7"}
{"timestamp": "2026-05-28T22:51:16.010", "level": "INFO", "source": "session_progress", "message": "HANDOFF.md shows Session 67"}
{"timestamp": "2026-05-28T22:51:16.010", "level": "INFO", "source": "session_progress", "message": "Suggested session number: 68"}
{"timestamp": "2026-05-28T22:51:16.040", "level": "INFO", "source": "session_progress", "message": "Found 121 changed files"}
{"timestamp": "2026-05-28T22:51:16.040", "level": "INFO", "source": "session_progress", "message": "  chapters: 39"}
{"timestamp": "2026-05-28T22:51:16.040", "level": "INFO", "source": "session_progress", "message": "  data: 6"}
{"timestamp": "2026-05-28T22:51:16.041", "level": "INFO", "source": "session_progress", "message": "  context: 2"}
{"timestamp": "2026-05-28T22:51:16.041", "level": "INFO", "source": "session_progress", "message": "  tools: 1"}
{"timestamp": "2026-05-28T22:51:16.041", "level": "INFO", "source": "session_progress", "message": "  other: 5"}
{"timestamp": "2026-05-28T22:51:16.061", "level": "SUCCESS", "source": "session_progress", "message": "Created /workspaces/pilot/sessions/2026-05-28_session68.md"}
{"timestamp": "2026-05-28T22:51:16.064", "level": "SUCCESS", "source": "session_progress", "message": "Updated HANDOFF.md"}
{"timestamp": "2026-05-28T22:51:16.064", "level": "INFO", "source": "session_progress", "message": "Session 68 documented"}
{"timestamp": "2026-05-28T22:51:16.064", "level": "INFO", "source": "session_progress", "message": "Files changed: 121"}
{"timestamp": "2026-05-28T22:51:16.064", "level": "INFO", "source": "session_progress", "message": "Accomplishments: 7"}
{"timestamp": "2026-05-28T22:51:16.065", "level": "SUCCESS", "source": "session_progress", "message": "Session progress saved!"}
{"timestamp": "2026-05-28T22:51:16.065", "level": "INFO", "source": "session_progress", "message": "Session file: /workspaces/pilot/sessions/2026-05-28_session68.md"}
{"timestamp": "2026-05-28T22:51:16.065", "level": "INFO", "source": "session_progress", "message": "HANDOFF: /workspaces/pilot/HANDOFF.md"}
